Unloading the cpe module is insufficient to restore the system defaults.
Please run 'source
/opt/cray/pe/cpe/23.12/restore_lmod_system_defaults.[csh|sh]'. 
Running "module reset". Resetting modules to system default. The following $MODULEPATH directories have been removed: /opt/cray/pe/lmod/modulefiles/mpi/gnu/12.0/ofi/1.0/cray-mpich/8.0
================================================================================
smyle
junk.002
None
0347-01-01
Traceback (most recent call last):
  File "/global/u2/m/mattlong/codes/Ocean-CDR-Atlas-v0/workflows/cesm.py", line 436, in <module>
    main()
  File "/global/homes/m/mattlong/.conda/envs/cworthy/lib/python3.12/site-packages/click/core.py", line 1157, in __call__
    return self.main(*args, **kwargs)
           ^^^^^^^^^^^^^^^^^^^^^^^^^^
  File "/global/homes/m/mattlong/.conda/envs/cworthy/lib/python3.12/site-packages/click/core.py", line 1078, in main
    rv = self.invoke(ctx)
         ^^^^^^^^^^^^^^^^
  File "/global/homes/m/mattlong/.conda/envs/cworthy/lib/python3.12/site-packages/click/core.py", line 1434, in invoke
    return ctx.invoke(self.callback, **ctx.params)
           ^^^^^^^^^^^^^^^^^^^^^^^^^^^^^^^^^^^^^^^
  File "/global/homes/m/mattlong/.conda/envs/cworthy/lib/python3.12/site-packages/click/core.py", line 783, in invoke
    return __callback(*args, **kwargs)
           ^^^^^^^^^^^^^^^^^^^^^^^^^^^
  File "/global/u2/m/mattlong/codes/Ocean-CDR-Atlas-v0/workflows/cesm.py", line 432, in main
    gen_case(case, alk_forcing_file, refdate, queue, clobber)
  File "/global/u2/m/mattlong/codes/Ocean-CDR-Atlas-v0/workflows/cesm.py", line 32, in create_smyle_clone
    not os.path.exists(caseroot) or clobber
AssertionError: Case junk.002 exists; caseroot:
/global/cfs/projectdirs/m4746/Projects/Ocean-CDR-Atlas-v0/cases/junk.002

