Unloading the cpe module is insufficient to restore the system defaults.
Please run 'source
/opt/cray/pe/cpe/23.12/restore_lmod_system_defaults.[csh|sh]'. 
Running "module reset". Resetting modules to system default. The following $MODULEPATH directories have been removed: /opt/cray/pe/lmod/modulefiles/mpi/gnu/12.0/ofi/1.0/cray-mpich/8.0
Did not find an alias or longname compset match for OMIP_DATM%JRA-1p4-2018_SLND_CICE_POP2%ECO_DROF%JRA-1p4-2018_SGLC_WW3_SIAC_SESP 
Warning: missing non-idmap ROF2OCN_FMAPNAME for rof_grid, JRA025v2 and ocn_grid gx1v7 
Compset forcing is 
ATM component is  Data driven ATM interannual JRA55 forcing, v1.4, through 2018
LND component is Stub land component
ICE component is Sea ICE (cice) model version 5
OCN component is POP2 Ecosystem
ROF component is Data runoff modelJRA55 interannual forcing, v1.4, through 2018
GLC component is Stub glacier (land ice) component
WAV component is Wave Watch
IAC component is Stub iac component
ESP component is Stub external system processing (ESP) component
Pes     specification file is /global/cfs/cdirs/m4746/Projects/Ocean-CDR-Atlas-v0/codes/cesm2.2.0/components/pop//cime_config/config_pes.xml
Could not find machine match for 'nid004150-hsn0' or 'nid004150'
Machine is perlmutter
Pes setting: compset_match is _DATM.*_POP2 
Pes setting: grid          is a%TL319_l%null_oi%gx1v7_r%JRA025v2_g%null_w%ww3a_z%null_m%gx1v7 
Pes setting: compset       is OMIP_DATM%JRA-1p4-2018_SLND_CICE_POP2%ECO_DROF%JRA-1p4-2018_SGLC_WW3_SIAC_SESP 
Pes setting: tasks       is {'NTASKS_OCN': -1, 'NTASKS_ICE': -1, 'NTASKS_CPL': -1, 'NTASKS_WAV': -1, 'NTASKS_ATM': -1, 'NTASKS_GLC': -1, 'NTASKS_LND': -1, 'NTASKS_ROF': -1} 
Pes setting: threads     is {'NTHRDS_OCN': 1, 'NTHRDS_ICE': 1, 'NTHRDS_CPL': 1, 'NTHRDS_WAV': 1, 'NTHRDS_ATM': 1, 'NTHRDS_GLC': 1, 'NTHRDS_LND': 1, 'NTHRDS_ROF': 1} 
Pes setting: rootpe      is {'ROOTPE_OCN': 0, 'ROOTPE_ICE': 0, 'ROOTPE_CPL': 0, 'ROOTPE_WAV': 0, 'ROOTPE_ATM': 0, 'ROOTPE_GLC': 0, 'ROOTPE_LND': 0, 'ROOTPE_ROF': 0} 
Pes setting: pstrid      is {} 
Pes other settings: {}
Pes comments: Either did not recognize the resolution or the machine name specified
 Compset is: OMIP_DATM%JRA-1p4-2018_SLND_CICE_POP2%ECO_DROF%JRA-1p4-2018_SGLC_WW3_SIAC_SESP 
 Grid is: a%TL319_l%null_oi%gx1v7_r%JRA025v2_g%null_w%ww3a_z%null_m%gx1v7 
 Components in compset are: ['datm', 'slnd', 'cice', 'pop', 'drof', 'sglc', 'ww3', 'siac', 'sesp'] 
No charge_account info available, using value from PROJECT
WARNING: No cesm Model version found.
Batch_system_type is slurm
job is case.run USER_REQUESTED_WALLTIME 12:00:00 USER_REQUESTED_QUEUE regular WALLTIME_FORMAT %H:%M:%S
job is case.st_archive USER_REQUESTED_WALLTIME None USER_REQUESTED_QUEUE None WALLTIME_FORMAT %H:%M:%S
 Creating Case directory /global/cfs/projectdirs/m4746/Projects/Ocean-CDR-Atlas-v0/cases/smyle.cdr-atlas-v0.control.001
copying /global/cfs/projectdirs/m4746/Projects/Ocean-CDR-Atlas-v0/cases/smyle.cdr-atlas-v0.control.001/env_case.xml -> /global/cfs/projectdirs/m4746/Projects/Ocean-CDR-Atlas-v0/cases/smyle.cdr-atlas-v0.control.001/LockedFiles
'/global/u2/m/mattlong/codes/Ocean-CDR-Atlas-v0/workflows/input/cesm2.2.0/cases/g.e22.GOMIPECOIAF_JRA-1p4-2018.TL319_g17.SMYLE.005/SourceMods/src.cice/README' -> '/global/cfs/projectdirs/m4746/Projects/Ocean-CDR-Atlas-v0/cases/smyle.cdr-atlas-v0.control.001/SourceMods/src.cice/README'
'/global/u2/m/mattlong/codes/Ocean-CDR-Atlas-v0/workflows/input/cesm2.2.0/cases/g.e22.GOMIPECOIAF_JRA-1p4-2018.TL319_g17.SMYLE.005/SourceMods/src.datm/README' -> '/global/cfs/projectdirs/m4746/Projects/Ocean-CDR-Atlas-v0/cases/smyle.cdr-atlas-v0.control.001/SourceMods/src.datm/README'
'/global/u2/m/mattlong/codes/Ocean-CDR-Atlas-v0/workflows/input/cesm2.2.0/cases/g.e22.GOMIPECOIAF_JRA-1p4-2018.TL319_g17.SMYLE.005/SourceMods/src.drof/README' -> '/global/cfs/projectdirs/m4746/Projects/Ocean-CDR-Atlas-v0/cases/smyle.cdr-atlas-v0.control.001/SourceMods/src.drof/README'
'/global/u2/m/mattlong/codes/Ocean-CDR-Atlas-v0/workflows/input/cesm2.2.0/cases/g.e22.GOMIPECOIAF_JRA-1p4-2018.TL319_g17.SMYLE.005/SourceMods/src.drv/README' -> '/global/cfs/projectdirs/m4746/Projects/Ocean-CDR-Atlas-v0/cases/smyle.cdr-atlas-v0.control.001/SourceMods/src.drv/README'
'/global/u2/m/mattlong/codes/Ocean-CDR-Atlas-v0/workflows/input/cesm2.2.0/cases/g.e22.GOMIPECOIAF_JRA-1p4-2018.TL319_g17.SMYLE.005/SourceMods/src.pop/README' -> '/global/cfs/projectdirs/m4746/Projects/Ocean-CDR-Atlas-v0/cases/smyle.cdr-atlas-v0.control.001/SourceMods/src.pop/README'
'/global/u2/m/mattlong/codes/Ocean-CDR-Atlas-v0/workflows/input/cesm2.2.0/cases/g.e22.GOMIPECOIAF_JRA-1p4-2018.TL319_g17.SMYLE.005/SourceMods/src.pop/forcing_shf.F90' -> '/global/cfs/projectdirs/m4746/Projects/Ocean-CDR-Atlas-v0/cases/smyle.cdr-atlas-v0.control.001/SourceMods/src.pop/forcing_shf.F90'
'/global/u2/m/mattlong/codes/Ocean-CDR-Atlas-v0/workflows/input/cesm2.2.0/cases/g.e22.GOMIPECOIAF_JRA-1p4-2018.TL319_g17.SMYLE.005/SourceMods/src.share/README' -> '/global/cfs/projectdirs/m4746/Projects/Ocean-CDR-Atlas-v0/cases/smyle.cdr-atlas-v0.control.001/SourceMods/src.share/README'
'/global/u2/m/mattlong/codes/Ocean-CDR-Atlas-v0/workflows/input/cesm2.2.0/cases/g.e22.GOMIPECOIAF_JRA-1p4-2018.TL319_g17.SMYLE.005/SourceMods/src.siac/README' -> '/global/cfs/projectdirs/m4746/Projects/Ocean-CDR-Atlas-v0/cases/smyle.cdr-atlas-v0.control.001/SourceMods/src.siac/README'
'/global/u2/m/mattlong/codes/Ocean-CDR-Atlas-v0/workflows/input/cesm2.2.0/cases/g.e22.GOMIPECOIAF_JRA-1p4-2018.TL319_g17.SMYLE.005/SourceMods/src.ww3/README' -> '/global/cfs/projectdirs/m4746/Projects/Ocean-CDR-Atlas-v0/cases/smyle.cdr-atlas-v0.control.001/SourceMods/src.ww3/README'
INFO: Running consistency check for /global/u2/m/mattlong/codes/Ocean-CDR-Atlas-v0/workflows/input/cesm2.2.0/SourceMods/curtail-output-gx1v7/src.pop/diagnostics_latest.yaml
INFO: Writing /global/cfs/projectdirs/m4746/Projects/Ocean-CDR-Atlas-v0/cases/smyle.cdr-atlas-v0.control.001/SourceMods/src.pop/diagnostics_latest.json
cp: cannot stat '/global/cfs/projectdirs/m4746/Datasets/SMYLE-FOSI/rest/0347-01-00000/*': No such file or directory
================================================================================
BUILDING
smyle
smyle.cdr-atlas-v0.control.001
None
None
0347-01
================================================================================

Traceback (most recent call last):
  File "/global/u2/m/mattlong/codes/Ocean-CDR-Atlas-v0/workflows/cesm.py", line 671, in <module>
    main()
  File "/global/homes/m/mattlong/.conda/envs/cworthy/lib/python3.12/site-packages/click/core.py", line 1157, in __call__
    return self.main(*args, **kwargs)
           ^^^^^^^^^^^^^^^^^^^^^^^^^^
  File "/global/homes/m/mattlong/.conda/envs/cworthy/lib/python3.12/site-packages/click/core.py", line 1078, in main
    rv = self.invoke(ctx)
         ^^^^^^^^^^^^^^^^
  File "/global/homes/m/mattlong/.conda/envs/cworthy/lib/python3.12/site-packages/click/core.py", line 1434, in invoke
    return ctx.invoke(self.callback, **ctx.params)
           ^^^^^^^^^^^^^^^^^^^^^^^^^^^^^^^^^^^^^^^
  File "/global/homes/m/mattlong/.conda/envs/cworthy/lib/python3.12/site-packages/click/core.py", line 783, in invoke
    return __callback(*args, **kwargs)
           ^^^^^^^^^^^^^^^^^^^^^^^^^^^
  File "/global/u2/m/mattlong/codes/Ocean-CDR-Atlas-v0/workflows/cesm.py", line 658, in main
    gen_case(
  File "/global/u2/m/mattlong/codes/Ocean-CDR-Atlas-v0/workflows/cesm.py", line 190, in create_smyle_clone
    check_call(
  File "/global/homes/m/mattlong/.conda/envs/cworthy/lib/python3.12/subprocess.py", line 413, in check_call
    raise CalledProcessError(retcode, cmd)
subprocess.CalledProcessError: Command 'cp /global/cfs/projectdirs/m4746/Datasets/SMYLE-FOSI/rest/0347-01-00000/* /pscratch/sd/m/mattlong/Ocean-CDR-Atlas-v0/smyle.cdr-atlas-v0.control.001/run/.' returned non-zero exit status 1.
