Unloading the cpe module is insufficient to restore the system defaults.
Please run 'source
/opt/cray/pe/cpe/23.12/restore_lmod_system_defaults.[csh|sh]'. 
Running "module reset". Resetting modules to system default. The following $MODULEPATH directories have been removed: /opt/cray/pe/lmod/modulefiles/mpi/gnu/12.0/ofi/1.0/cray-mpich/8.0
Did not find an alias or longname compset match for OMIP_DATM%JRA-1p4-2018_SLND_CICE_POP2%ECO_DROF%JRA-1p4-2018_SGLC_WW3_SIAC_SESP 
Warning: missing non-idmap ROF2OCN_FMAPNAME for rof_grid, JRA025v2 and ocn_grid gx1v7 
Compset forcing is 
ATM component is  Data driven ATM interannual JRA55 forcing, v1.4, through 2018
LND component is Stub land component
ICE component is Sea ICE (cice) model version 5
OCN component is POP2 Ecosystem
ROF component is Data runoff modelJRA55 interannual forcing, v1.4, through 2018
GLC component is Stub glacier (land ice) component
WAV component is Wave Watch
IAC component is Stub iac component
ESP component is Stub external system processing (ESP) component
Pes     specification file is /global/cfs/cdirs/m4746/Projects/Ocean-CDR-Atlas-v0/codes/cesm2.2.0/components/pop//cime_config/config_pes.xml
Could not find machine match for 'nid004136-hsn0' or 'nid004136'
Machine is perlmutter
Pes setting: compset_match is _DATM.*_POP2 
Pes setting: grid          is a%TL319_l%null_oi%gx1v7_r%JRA025v2_g%null_w%ww3a_z%null_m%gx1v7 
Pes setting: compset       is OMIP_DATM%JRA-1p4-2018_SLND_CICE_POP2%ECO_DROF%JRA-1p4-2018_SGLC_WW3_SIAC_SESP 
Pes setting: tasks       is {'NTASKS_OCN': -1, 'NTASKS_ICE': -1, 'NTASKS_CPL': -1, 'NTASKS_WAV': -1, 'NTASKS_ATM': -1, 'NTASKS_GLC': -1, 'NTASKS_LND': -1, 'NTASKS_ROF': -1} 
Pes setting: threads     is {'NTHRDS_OCN': 1, 'NTHRDS_ICE': 1, 'NTHRDS_CPL': 1, 'NTHRDS_WAV': 1, 'NTHRDS_ATM': 1, 'NTHRDS_GLC': 1, 'NTHRDS_LND': 1, 'NTHRDS_ROF': 1} 
Pes setting: rootpe      is {'ROOTPE_OCN': 0, 'ROOTPE_ICE': 0, 'ROOTPE_CPL': 0, 'ROOTPE_WAV': 0, 'ROOTPE_ATM': 0, 'ROOTPE_GLC': 0, 'ROOTPE_LND': 0, 'ROOTPE_ROF': 0} 
Pes setting: pstrid      is {} 
Pes other settings: {}
Pes comments: Either did not recognize the resolution or the machine name specified
 Compset is: OMIP_DATM%JRA-1p4-2018_SLND_CICE_POP2%ECO_DROF%JRA-1p4-2018_SGLC_WW3_SIAC_SESP 
 Grid is: a%TL319_l%null_oi%gx1v7_r%JRA025v2_g%null_w%ww3a_z%null_m%gx1v7 
 Components in compset are: ['datm', 'slnd', 'cice', 'pop', 'drof', 'sglc', 'ww3', 'siac', 'sesp'] 
No charge_account info available, using value from PROJECT
WARNING: No cesm Model version found.
Batch_system_type is slurm
job is case.run USER_REQUESTED_WALLTIME 10:00:00 USER_REQUESTED_QUEUE regular WALLTIME_FORMAT %H:%M:%S
job is case.st_archive USER_REQUESTED_WALLTIME None USER_REQUESTED_QUEUE None WALLTIME_FORMAT %H:%M:%S
 Creating Case directory /global/cfs/projectdirs/m4746/Projects/Ocean-CDR-Atlas-v0/cases/smyle.cdr-atlas-v0.glb-dor_North_Atlantic_basin_000_1999-01-01_00000.001
copying /global/cfs/projectdirs/m4746/Projects/Ocean-CDR-Atlas-v0/cases/smyle.cdr-atlas-v0.glb-dor_North_Atlantic_basin_000_1999-01-01_00000.001/env_case.xml -> /global/cfs/projectdirs/m4746/Projects/Ocean-CDR-Atlas-v0/cases/smyle.cdr-atlas-v0.glb-dor_North_Atlantic_basin_000_1999-01-01_00000.001/LockedFiles
'/global/u2/m/mattlong/codes/Ocean-CDR-Atlas-v0/workflows/input/cesm2.2.0/cases/g.e22.GOMIPECOIAF_JRA-1p4-2018.TL319_g17.SMYLE.005/SourceMods/src.cice/README' -> '/global/cfs/projectdirs/m4746/Projects/Ocean-CDR-Atlas-v0/cases/smyle.cdr-atlas-v0.glb-dor_North_Atlantic_basin_000_1999-01-01_00000.001/SourceMods/src.cice/README'
'/global/u2/m/mattlong/codes/Ocean-CDR-Atlas-v0/workflows/input/cesm2.2.0/cases/g.e22.GOMIPECOIAF_JRA-1p4-2018.TL319_g17.SMYLE.005/SourceMods/src.datm/README' -> '/global/cfs/projectdirs/m4746/Projects/Ocean-CDR-Atlas-v0/cases/smyle.cdr-atlas-v0.glb-dor_North_Atlantic_basin_000_1999-01-01_00000.001/SourceMods/src.datm/README'
'/global/u2/m/mattlong/codes/Ocean-CDR-Atlas-v0/workflows/input/cesm2.2.0/cases/g.e22.GOMIPECOIAF_JRA-1p4-2018.TL319_g17.SMYLE.005/SourceMods/src.drof/README' -> '/global/cfs/projectdirs/m4746/Projects/Ocean-CDR-Atlas-v0/cases/smyle.cdr-atlas-v0.glb-dor_North_Atlantic_basin_000_1999-01-01_00000.001/SourceMods/src.drof/README'
'/global/u2/m/mattlong/codes/Ocean-CDR-Atlas-v0/workflows/input/cesm2.2.0/cases/g.e22.GOMIPECOIAF_JRA-1p4-2018.TL319_g17.SMYLE.005/SourceMods/src.drv/README' -> '/global/cfs/projectdirs/m4746/Projects/Ocean-CDR-Atlas-v0/cases/smyle.cdr-atlas-v0.glb-dor_North_Atlantic_basin_000_1999-01-01_00000.001/SourceMods/src.drv/README'
'/global/u2/m/mattlong/codes/Ocean-CDR-Atlas-v0/workflows/input/cesm2.2.0/cases/g.e22.GOMIPECOIAF_JRA-1p4-2018.TL319_g17.SMYLE.005/SourceMods/src.pop/README' -> '/global/cfs/projectdirs/m4746/Projects/Ocean-CDR-Atlas-v0/cases/smyle.cdr-atlas-v0.glb-dor_North_Atlantic_basin_000_1999-01-01_00000.001/SourceMods/src.pop/README'
'/global/u2/m/mattlong/codes/Ocean-CDR-Atlas-v0/workflows/input/cesm2.2.0/cases/g.e22.GOMIPECOIAF_JRA-1p4-2018.TL319_g17.SMYLE.005/SourceMods/src.pop/forcing_shf.F90' -> '/global/cfs/projectdirs/m4746/Projects/Ocean-CDR-Atlas-v0/cases/smyle.cdr-atlas-v0.glb-dor_North_Atlantic_basin_000_1999-01-01_00000.001/SourceMods/src.pop/forcing_shf.F90'
'/global/u2/m/mattlong/codes/Ocean-CDR-Atlas-v0/workflows/input/cesm2.2.0/cases/g.e22.GOMIPECOIAF_JRA-1p4-2018.TL319_g17.SMYLE.005/SourceMods/src.share/README' -> '/global/cfs/projectdirs/m4746/Projects/Ocean-CDR-Atlas-v0/cases/smyle.cdr-atlas-v0.glb-dor_North_Atlantic_basin_000_1999-01-01_00000.001/SourceMods/src.share/README'
'/global/u2/m/mattlong/codes/Ocean-CDR-Atlas-v0/workflows/input/cesm2.2.0/cases/g.e22.GOMIPECOIAF_JRA-1p4-2018.TL319_g17.SMYLE.005/SourceMods/src.siac/README' -> '/global/cfs/projectdirs/m4746/Projects/Ocean-CDR-Atlas-v0/cases/smyle.cdr-atlas-v0.glb-dor_North_Atlantic_basin_000_1999-01-01_00000.001/SourceMods/src.siac/README'
'/global/u2/m/mattlong/codes/Ocean-CDR-Atlas-v0/workflows/input/cesm2.2.0/cases/g.e22.GOMIPECOIAF_JRA-1p4-2018.TL319_g17.SMYLE.005/SourceMods/src.ww3/README' -> '/global/cfs/projectdirs/m4746/Projects/Ocean-CDR-Atlas-v0/cases/smyle.cdr-atlas-v0.glb-dor_North_Atlantic_basin_000_1999-01-01_00000.001/SourceMods/src.ww3/README'
INFO: Running consistency check for /global/u2/m/mattlong/codes/Ocean-CDR-Atlas-v0/workflows/input/cesm2.2.0/SourceMods/curtail-output-gx1v7/src.pop/diagnostics_latest.yaml
INFO: Writing /global/cfs/projectdirs/m4746/Projects/Ocean-CDR-Atlas-v0/cases/smyle.cdr-atlas-v0.glb-dor_North_Atlantic_basin_000_1999-01-01_00000.001/SourceMods/src.pop/diagnostics_latest.json
Setting Environment MPICH_ENV_DISPLAY=1
Setting Environment MPICH_VERSION_DISPLAY=1
Setting Environment OMP_STACKSIZE=128M
Setting Environment OMP_PROC_BIND=spread
Setting Environment OMP_PLACES=threads
Setting Environment HDF5_USE_FILE_LOCKING=FALSE
Setting Environment PERL5LIB=/global/cfs/cdirs/e3sm/perl/lib/perl5-only-switch
Setting Environment FI_CXI_RX_MATCH_MODE=software
Setting Environment MPICH_COLL_SYNC=MPI_Bcast
Setting Environment NETCDF_PATH=/opt/cray/pe/netcdf-hdf5parallel/4.9.0.3/intel/19.0
Setting Environment PNETCDF_PATH=/opt/cray/pe/parallel-netcdf/1.12.3.3/intel/19.0
Setting resource.RLIMIT_STACK to -1 from (8388608, -1)
copying /global/cfs/cdirs/m4746/Projects/Ocean-CDR-Atlas-v0/codes/cesm2.2.0/cime/config/cesm/machines/Depends.intel -> /global/cfs/projectdirs/m4746/Projects/Ocean-CDR-Atlas-v0/cases/smyle.cdr-atlas-v0.glb-dor_North_Atlantic_basin_000_1999-01-01_00000.001
/global/cfs/projectdirs/m4746/Projects/Ocean-CDR-Atlas-v0/cases/smyle.cdr-atlas-v0.glb-dor_North_Atlantic_basin_000_1999-01-01_00000.001/env_mach_specific.xml already exists, delete to replace
/global/cfs/projectdirs/m4746/Projects/Ocean-CDR-Atlas-v0/cases/smyle.cdr-atlas-v0.glb-dor_North_Atlantic_basin_000_1999-01-01_00000.001/env_mach_specific.xml already exists, delete to replace
job is case.run USER_REQUESTED_WALLTIME 10:00:00 USER_REQUESTED_QUEUE regular WALLTIME_FORMAT %H:%M:%S
Creating batch scripts
Writing case.run script from input template /global/cfs/cdirs/m4746/Projects/Ocean-CDR-Atlas-v0/codes/cesm2.2.0/cime/config/cesm/machines/template.case.run
Creating file .case.run
Writing case.st_archive script from input template /global/cfs/cdirs/m4746/Projects/Ocean-CDR-Atlas-v0/codes/cesm2.2.0/cime/config/cesm/machines/template.st_archive
Creating file case.st_archive
copying /global/cfs/cdirs/m4746/Projects/Ocean-CDR-Atlas-v0/cases/smyle.cdr-atlas-v0.glb-dor_North_Atlantic_basin_000_1999-01-01_00000.001/env_mach_pes.xml -> /global/cfs/cdirs/m4746/Projects/Ocean-CDR-Atlas-v0/cases/smyle.cdr-atlas-v0.glb-dor_North_Atlantic_basin_000_1999-01-01_00000.001/LockedFiles
copying /global/cfs/cdirs/m4746/Projects/Ocean-CDR-Atlas-v0/cases/smyle.cdr-atlas-v0.glb-dor_North_Atlantic_basin_000_1999-01-01_00000.001/env_batch.xml -> /global/cfs/cdirs/m4746/Projects/Ocean-CDR-Atlas-v0/cases/smyle.cdr-atlas-v0.glb-dor_North_Atlantic_basin_000_1999-01-01_00000.001/LockedFiles
Creating user_nl_xxx files for components and cpl
copying /global/cfs/cdirs/m4746/Projects/Ocean-CDR-Atlas-v0/codes/cesm2.2.0/cime/src/drivers/mct/cime_config/user_nl_cpl -> .
copying /global/cfs/cdirs/m4746/Projects/Ocean-CDR-Atlas-v0/codes/cesm2.2.0/cime/src/components/data_comps_mct/datm/cime_config/user_nl_datm -> 
copying /global/cfs/cdirs/m4746/Projects/Ocean-CDR-Atlas-v0/codes/cesm2.2.0/components/cice//cime_config/user_nl_cice -> 
copying /global/cfs/cdirs/m4746/Projects/Ocean-CDR-Atlas-v0/codes/cesm2.2.0/components/pop//cime_config/user_nl_pop -> 
copying /global/cfs/cdirs/m4746/Projects/Ocean-CDR-Atlas-v0/codes/cesm2.2.0/cime/src/components/data_comps_mct/drof/cime_config/user_nl_drof -> 
copying /global/cfs/cdirs/m4746/Projects/Ocean-CDR-Atlas-v0/codes/cesm2.2.0/components/ww3//cime_config/user_nl_ww -> 
If an old case build already exists, might want to run 'case.build --clean' before building
You can now run './preview_run' to get more info on how your case will be run
Building case in directory /global/cfs/cdirs/m4746/Projects/Ocean-CDR-Atlas-v0/cases/smyle.cdr-atlas-v0.glb-dor_North_Atlantic_basin_000_1999-01-01_00000.001
sharedlib_only is False
model_only is False
Setting Environment MPICH_ENV_DISPLAY=1
Setting Environment MPICH_VERSION_DISPLAY=1
Setting Environment OMP_STACKSIZE=128M
Setting Environment OMP_PROC_BIND=spread
Setting Environment OMP_PLACES=threads
Setting Environment HDF5_USE_FILE_LOCKING=FALSE
Setting Environment PERL5LIB=/global/cfs/cdirs/e3sm/perl/lib/perl5-only-switch
Setting Environment FI_CXI_RX_MATCH_MODE=software
Setting Environment MPICH_COLL_SYNC=MPI_Bcast
Setting Environment NETCDF_PATH=/opt/cray/pe/netcdf-hdf5parallel/4.9.0.3/intel/19.0
Setting Environment PNETCDF_PATH=/opt/cray/pe/parallel-netcdf/1.12.3.3/intel/19.0
Setting resource.RLIMIT_STACK to -1 from (8388608, -1)
Generating component namelists as part of build
GET_REFCASE is false, the user is expected to stage the refcase to the run directory.
Creating component namelists
  2024-10-19 15:13:18 atm 
   Calling /global/cfs/cdirs/m4746/Projects/Ocean-CDR-Atlas-v0/codes/cesm2.2.0/cime/src/components/data_comps_mct/datm/cime_config/buildnml
copying /global/cfs/projectdirs/m4746/Projects/Ocean-CDR-Atlas-v0/cases/smyle.cdr-atlas-v0.glb-dor_North_Atlantic_basin_000_1999-01-01_00000.001/user_datm.streams.txt.presaero.clim_1850 -> /global/cfs/projectdirs/m4746/Projects/Ocean-CDR-Atlas-v0/cases/smyle.cdr-atlas-v0.glb-dor_North_Atlantic_basin_000_1999-01-01_00000.001/Buildconf/datmconf/datm.streams.txt.presaero.clim_1850
copying /global/cfs/projectdirs/m4746/Projects/Ocean-CDR-Atlas-v0/cases/smyle.cdr-atlas-v0.glb-dor_North_Atlantic_basin_000_1999-01-01_00000.001/user_datm.streams.txt.co2tseries.omip -> /global/cfs/projectdirs/m4746/Projects/Ocean-CDR-Atlas-v0/cases/smyle.cdr-atlas-v0.glb-dor_North_Atlantic_basin_000_1999-01-01_00000.001/Buildconf/datmconf/datm.streams.txt.co2tseries.omip
copying /global/cfs/projectdirs/m4746/Projects/Ocean-CDR-Atlas-v0/cases/smyle.cdr-atlas-v0.glb-dor_North_Atlantic_basin_000_1999-01-01_00000.001/Buildconf/datmconf/datm_in -> /pscratch/sd/m/mattlong/Ocean-CDR-Atlas-v0/smyle.cdr-atlas-v0.glb-dor_North_Atlantic_basin_000_1999-01-01_00000.001/run
copying /global/cfs/projectdirs/m4746/Projects/Ocean-CDR-Atlas-v0/cases/smyle.cdr-atlas-v0.glb-dor_North_Atlantic_basin_000_1999-01-01_00000.001/Buildconf/datmconf/datm.streams.txt.CORE_IAF_JRA_1p4_2018.NCEP.U_10 -> /pscratch/sd/m/mattlong/Ocean-CDR-Atlas-v0/smyle.cdr-atlas-v0.glb-dor_North_Atlantic_basin_000_1999-01-01_00000.001/run
copying /global/cfs/projectdirs/m4746/Projects/Ocean-CDR-Atlas-v0/cases/smyle.cdr-atlas-v0.glb-dor_North_Atlantic_basin_000_1999-01-01_00000.001/Buildconf/datmconf/datm.streams.txt.CORE_IAF_JRA_1p4_2018.GCGCS.PREC -> /pscratch/sd/m/mattlong/Ocean-CDR-Atlas-v0/smyle.cdr-atlas-v0.glb-dor_North_Atlantic_basin_000_1999-01-01_00000.001/run
copying /global/cfs/projectdirs/m4746/Projects/Ocean-CDR-Atlas-v0/cases/smyle.cdr-atlas-v0.glb-dor_North_Atlantic_basin_000_1999-01-01_00000.001/Buildconf/datmconf/datm.streams.txt.CORE_IAF_JRA_1p4_2018.GISS.LWDN -> /pscratch/sd/m/mattlong/Ocean-CDR-Atlas-v0/smyle.cdr-atlas-v0.glb-dor_North_Atlantic_basin_000_1999-01-01_00000.001/run
copying /global/cfs/projectdirs/m4746/Projects/Ocean-CDR-Atlas-v0/cases/smyle.cdr-atlas-v0.glb-dor_North_Atlantic_basin_000_1999-01-01_00000.001/Buildconf/datmconf/datm.streams.txt.co2tseries.omip -> /pscratch/sd/m/mattlong/Ocean-CDR-Atlas-v0/smyle.cdr-atlas-v0.glb-dor_North_Atlantic_basin_000_1999-01-01_00000.001/run
copying /global/cfs/projectdirs/m4746/Projects/Ocean-CDR-Atlas-v0/cases/smyle.cdr-atlas-v0.glb-dor_North_Atlantic_basin_000_1999-01-01_00000.001/Buildconf/datmconf/datm.streams.txt.CORE_IAF_JRA_1p4_2018.NCEP.SLP_ -> /pscratch/sd/m/mattlong/Ocean-CDR-Atlas-v0/smyle.cdr-atlas-v0.glb-dor_North_Atlantic_basin_000_1999-01-01_00000.001/run
copying /global/cfs/projectdirs/m4746/Projects/Ocean-CDR-Atlas-v0/cases/smyle.cdr-atlas-v0.glb-dor_North_Atlantic_basin_000_1999-01-01_00000.001/Buildconf/datmconf/datm.streams.txt.CORE_IAF_JRA_1p4_2018.GISS.SWDN -> /pscratch/sd/m/mattlong/Ocean-CDR-Atlas-v0/smyle.cdr-atlas-v0.glb-dor_North_Atlantic_basin_000_1999-01-01_00000.001/run
copying /global/cfs/projectdirs/m4746/Projects/Ocean-CDR-Atlas-v0/cases/smyle.cdr-atlas-v0.glb-dor_North_Atlantic_basin_000_1999-01-01_00000.001/Buildconf/datmconf/datm.streams.txt.presaero.clim_1850 -> /pscratch/sd/m/mattlong/Ocean-CDR-Atlas-v0/smyle.cdr-atlas-v0.glb-dor_North_Atlantic_basin_000_1999-01-01_00000.001/run
copying /global/cfs/projectdirs/m4746/Projects/Ocean-CDR-Atlas-v0/cases/smyle.cdr-atlas-v0.glb-dor_North_Atlantic_basin_000_1999-01-01_00000.001/Buildconf/datmconf/datm.streams.txt.CORE_IAF_JRA_1p4_2018.NCEP.V_10 -> /pscratch/sd/m/mattlong/Ocean-CDR-Atlas-v0/smyle.cdr-atlas-v0.glb-dor_North_Atlantic_basin_000_1999-01-01_00000.001/run
copying /global/cfs/projectdirs/m4746/Projects/Ocean-CDR-Atlas-v0/cases/smyle.cdr-atlas-v0.glb-dor_North_Atlantic_basin_000_1999-01-01_00000.001/Buildconf/datmconf/datm.streams.txt.CORE_IAF_JRA_1p4_2018.NCEP.Q_10 -> /pscratch/sd/m/mattlong/Ocean-CDR-Atlas-v0/smyle.cdr-atlas-v0.glb-dor_North_Atlantic_basin_000_1999-01-01_00000.001/run
copying /global/cfs/projectdirs/m4746/Projects/Ocean-CDR-Atlas-v0/cases/smyle.cdr-atlas-v0.glb-dor_North_Atlantic_basin_000_1999-01-01_00000.001/Buildconf/datmconf/datm.streams.txt.CORE_IAF_JRA_1p4_2018.NCEP.T_10 -> /pscratch/sd/m/mattlong/Ocean-CDR-Atlas-v0/smyle.cdr-atlas-v0.glb-dor_North_Atlantic_basin_000_1999-01-01_00000.001/run
  2024-10-19 15:13:19 lnd 
   Calling /global/cfs/cdirs/m4746/Projects/Ocean-CDR-Atlas-v0/codes/cesm2.2.0/cime/src/components/stub_comps_mct/slnd/cime_config/buildnml
  2024-10-19 15:13:19 ice 
   Calling /global/cfs/cdirs/m4746/Projects/Ocean-CDR-Atlas-v0/codes/cesm2.2.0/components/cice//cime_config/buildnml
     ...buildnml calling cice buildcpp to set build time options
  2024-10-19 15:13:19 ocn 
   Calling /global/cfs/cdirs/m4746/Projects/Ocean-CDR-Atlas-v0/codes/cesm2.2.0/components/pop//cime_config/buildnml
     ... buildnml: calling pop buildcpp to set build time options
ERROR: Command /global/cfs/cdirs/m4746/Projects/Ocean-CDR-Atlas-v0/codes/cesm2.2.0/components/pop/bld/build-namelist failed rc=255
out=
err=ERROR(Build::Namelist::_parse_next): expect a F90 constant for a namelist instead got:  drv_diag
================================================================================
BUILDING
smyle
smyle.cdr-atlas-v0.glb-dor_North_Atlantic_basin_000_1999-01-01_00000.001
{"cdr_forcing": "DOR", "cdr_forcing_file": "/global/cfs/projectdirs/m4746/Projects/OAE-Efficiency-Map/data/alk-forcing/OAE-Efficiency-Map/alk-forcing-North_Atlantic_basin.000-1999-01.nc", "refdate": "0347-01-01", "stop_n": 15, "wallclock": "10:00:00", "curtail_output": true}
================================================================================

/global/u2/m/mattlong/codes/Ocean-CDR-Atlas-v0/workflows/input/cesm2.2.0/cases/g.e22.GOMIPECOIAF_JRA-1p4-2018.TL319_g17.SMYLE.005/user_nl_drof -> /global/cfs/projectdirs/m4746/Projects/Ocean-CDR-Atlas-v0/cases/smyle.cdr-atlas-v0.glb-dor_North_Atlantic_basin_000_1999-01-01_00000.001/user_nl_drof
/global/u2/m/mattlong/codes/Ocean-CDR-Atlas-v0/workflows/input/cesm2.2.0/cases/g.e22.GOMIPECOIAF_JRA-1p4-2018.TL319_g17.SMYLE.005/user_nl_pop -> /global/cfs/projectdirs/m4746/Projects/Ocean-CDR-Atlas-v0/cases/smyle.cdr-atlas-v0.glb-dor_North_Atlantic_basin_000_1999-01-01_00000.001/user_nl_pop
/global/u2/m/mattlong/codes/Ocean-CDR-Atlas-v0/workflows/input/cesm2.2.0/cases/g.e22.GOMIPECOIAF_JRA-1p4-2018.TL319_g17.SMYLE.005/user_nl_datm -> /global/cfs/projectdirs/m4746/Projects/Ocean-CDR-Atlas-v0/cases/smyle.cdr-atlas-v0.glb-dor_North_Atlantic_basin_000_1999-01-01_00000.001/user_nl_datm
/global/u2/m/mattlong/codes/Ocean-CDR-Atlas-v0/workflows/input/cesm2.2.0/cases/g.e22.GOMIPECOIAF_JRA-1p4-2018.TL319_g17.SMYLE.005/user_nl_ww -> /global/cfs/projectdirs/m4746/Projects/Ocean-CDR-Atlas-v0/cases/smyle.cdr-atlas-v0.glb-dor_North_Atlantic_basin_000_1999-01-01_00000.001/user_nl_ww
/global/u2/m/mattlong/codes/Ocean-CDR-Atlas-v0/workflows/input/cesm2.2.0/cases/g.e22.GOMIPECOIAF_JRA-1p4-2018.TL319_g17.SMYLE.005/user_nl_cice -> /global/cfs/projectdirs/m4746/Projects/Ocean-CDR-Atlas-v0/cases/smyle.cdr-atlas-v0.glb-dor_North_Atlantic_basin_000_1999-01-01_00000.001/user_nl_cice
/global/u2/m/mattlong/codes/Ocean-CDR-Atlas-v0/workflows/input/cesm2.2.0/cases/g.e22.GOMIPECOIAF_JRA-1p4-2018.TL319_g17.SMYLE.005/user_nl_cpl -> /global/cfs/projectdirs/m4746/Projects/Ocean-CDR-Atlas-v0/cases/smyle.cdr-atlas-v0.glb-dor_North_Atlantic_basin_000_1999-01-01_00000.001/user_nl_cpl
/global/u2/m/mattlong/codes/Ocean-CDR-Atlas-v0/workflows/input/cesm2.2.0/cases/g.e22.GOMIPECOIAF_JRA-1p4-2018.TL319_g17.SMYLE.005/user_datm.streams.txt.co2tseries.omip -> /global/cfs/projectdirs/m4746/Projects/Ocean-CDR-Atlas-v0/cases/smyle.cdr-atlas-v0.glb-dor_North_Atlantic_basin_000_1999-01-01_00000.001/user_datm.streams.txt.co2tseries.omip
/global/u2/m/mattlong/codes/Ocean-CDR-Atlas-v0/workflows/input/cesm2.2.0/cases/g.e22.GOMIPECOIAF_JRA-1p4-2018.TL319_g17.SMYLE.005/user_datm.streams.txt.presaero.cesm2_SMYLE -> /global/cfs/projectdirs/m4746/Projects/Ocean-CDR-Atlas-v0/cases/smyle.cdr-atlas-v0.glb-dor_North_Atlantic_basin_000_1999-01-01_00000.001/user_datm.streams.txt.presaero.cesm2_SMYLE
/global/u2/m/mattlong/codes/Ocean-CDR-Atlas-v0/workflows/input/cesm2.2.0/cases/g.e22.GOMIPECOIAF_JRA-1p4-2018.TL319_g17.SMYLE.005/user_datm.streams.txt.presaero.clim_1850 -> /global/cfs/projectdirs/m4746/Projects/Ocean-CDR-Atlas-v0/cases/smyle.cdr-atlas-v0.glb-dor_North_Atlantic_basin_000_1999-01-01_00000.001/user_datm.streams.txt.presaero.clim_1850
Traceback (most recent call last):
  File "/global/u2/m/mattlong/codes/Ocean-CDR-Atlas-v0/workflows/atlas.py", line 625, in <module>
    main()
  File "/global/homes/m/mattlong/.conda/envs/cworthy/lib/python3.12/site-packages/click/core.py", line 1157, in __call__
    return self.main(*args, **kwargs)
           ^^^^^^^^^^^^^^^^^^^^^^^^^^
  File "/global/homes/m/mattlong/.conda/envs/cworthy/lib/python3.12/site-packages/click/core.py", line 1078, in main
    rv = self.invoke(ctx)
         ^^^^^^^^^^^^^^^^
  File "/global/homes/m/mattlong/.conda/envs/cworthy/lib/python3.12/site-packages/click/core.py", line 1434, in invoke
    return ctx.invoke(self.callback, **ctx.params)
           ^^^^^^^^^^^^^^^^^^^^^^^^^^^^^^^^^^^^^^^
  File "/global/homes/m/mattlong/.conda/envs/cworthy/lib/python3.12/site-packages/click/core.py", line 783, in invoke
    return __callback(*args, **kwargs)
           ^^^^^^^^^^^^^^^^^^^^^^^^^^^
  File "/global/u2/m/mattlong/codes/Ocean-CDR-Atlas-v0/workflows/atlas.py", line 621, in main
    gen_case(case, clobber=clobber, **kwargs)
  File "/global/u2/m/mattlong/codes/Ocean-CDR-Atlas-v0/workflows/cesm.py", line 281, in create_smyle_clone
    check_call(
  File "/global/homes/m/mattlong/.conda/envs/cworthy/lib/python3.12/subprocess.py", line 413, in check_call
    raise CalledProcessError(retcode, cmd)
subprocess.CalledProcessError: Command 'module load python && ./case.build --skip-provenance-check' returned non-zero exit status 1.
