Unloading the cpe module is insufficient to restore the system defaults.
Please run 'source
/opt/cray/pe/cpe/24.07/restore_lmod_system_defaults.[csh|sh]'. 
Running "module reset". Resetting modules to system default. The following $MODULEPATH directories have been removed: /opt/cray/pe/lmod/modulefiles/mpi/gnu/12.0/ofi/1.0/cray-mpich/8.0
Did not find an alias or longname compset match for OMIP_DATM%JRA-1p4-2018_SLND_CICE_POP2%ECO_DROF%JRA-1p4-2018_SGLC_WW3_SIAC_SESP 
Warning: missing non-idmap ROF2OCN_FMAPNAME for rof_grid, JRA025v2 and ocn_grid gx1v7 
Compset forcing is 
ATM component is  Data driven ATM interannual JRA55 forcing, v1.4, through 2018
LND component is Stub land component
ICE component is Sea ICE (cice) model version 5
OCN component is POP2 Ecosystem
ROF component is Data runoff modelJRA55 interannual forcing, v1.4, through 2018
GLC component is Stub glacier (land ice) component
WAV component is Wave Watch
IAC component is Stub iac component
ESP component is Stub external system processing (ESP) component
Pes     specification file is /global/cfs/cdirs/m4746/Projects/Ocean-CDR-Atlas-v0/codes/cesm2.2.0/components/pop//cime_config/config_pes.xml
Could not find machine match for 'nid004125-hsn0' or 'nid004125'
Machine is perlmutter
Pes setting: compset_match is _DATM.*_POP2 
Pes setting: grid          is a%TL319_l%null_oi%gx1v7_r%JRA025v2_g%null_w%ww3a_z%null_m%gx1v7 
Pes setting: compset       is OMIP_DATM%JRA-1p4-2018_SLND_CICE_POP2%ECO_DROF%JRA-1p4-2018_SGLC_WW3_SIAC_SESP 
Pes setting: tasks       is {'NTASKS_OCN': -1, 'NTASKS_ICE': -1, 'NTASKS_CPL': -1, 'NTASKS_WAV': -1, 'NTASKS_ATM': -1, 'NTASKS_GLC': -1, 'NTASKS_LND': -1, 'NTASKS_ROF': -1} 
Pes setting: threads     is {'NTHRDS_OCN': 1, 'NTHRDS_ICE': 1, 'NTHRDS_CPL': 1, 'NTHRDS_WAV': 1, 'NTHRDS_ATM': 1, 'NTHRDS_GLC': 1, 'NTHRDS_LND': 1, 'NTHRDS_ROF': 1} 
Pes setting: rootpe      is {'ROOTPE_OCN': 0, 'ROOTPE_ICE': 0, 'ROOTPE_CPL': 0, 'ROOTPE_WAV': 0, 'ROOTPE_ATM': 0, 'ROOTPE_GLC': 0, 'ROOTPE_LND': 0, 'ROOTPE_ROF': 0} 
Pes setting: pstrid      is {} 
Pes other settings: {}
Pes comments: Either did not recognize the resolution or the machine name specified
 Compset is: OMIP_DATM%JRA-1p4-2018_SLND_CICE_POP2%ECO_DROF%JRA-1p4-2018_SGLC_WW3_SIAC_SESP 
 Grid is: a%TL319_l%null_oi%gx1v7_r%JRA025v2_g%null_w%ww3a_z%null_m%gx1v7 
 Components in compset are: ['datm', 'slnd', 'cice', 'pop', 'drof', 'sglc', 'ww3', 'siac', 'sesp'] 
No charge_account info available, using value from PROJECT
cesm model version found: v1.0.0-7-gbc105d4
Batch_system_type is slurm
job is case.run USER_REQUESTED_WALLTIME 10:00:00 USER_REQUESTED_QUEUE regular WALLTIME_FORMAT %H:%M:%S
job is case.st_archive USER_REQUESTED_WALLTIME None USER_REQUESTED_QUEUE None WALLTIME_FORMAT %H:%M:%S
 Creating Case directory /global/cfs/projectdirs/m4746/Projects/Ocean-CDR-Atlas-v0/cases/smyle.cdr-atlas-v0.glb-dor_South_272_1999-01-01_02488.001
copying /global/cfs/projectdirs/m4746/Projects/Ocean-CDR-Atlas-v0/cases/smyle.cdr-atlas-v0.glb-dor_South_272_1999-01-01_02488.001/env_case.xml -> /global/cfs/projectdirs/m4746/Projects/Ocean-CDR-Atlas-v0/cases/smyle.cdr-atlas-v0.glb-dor_South_272_1999-01-01_02488.001/LockedFiles
'/global/u2/m/mattlong/codes/Ocean-CDR-Atlas-v0/workflows/input/cesm2.2.0/cases/g.e22.GOMIPECOIAF_JRA-1p4-2018.TL319_g17.SMYLE.005/SourceMods/src.cice/README' -> '/global/cfs/projectdirs/m4746/Projects/Ocean-CDR-Atlas-v0/cases/smyle.cdr-atlas-v0.glb-dor_South_272_1999-01-01_02488.001/SourceMods/src.cice/README'
'/global/u2/m/mattlong/codes/Ocean-CDR-Atlas-v0/workflows/input/cesm2.2.0/cases/g.e22.GOMIPECOIAF_JRA-1p4-2018.TL319_g17.SMYLE.005/SourceMods/src.datm/README' -> '/global/cfs/projectdirs/m4746/Projects/Ocean-CDR-Atlas-v0/cases/smyle.cdr-atlas-v0.glb-dor_South_272_1999-01-01_02488.001/SourceMods/src.datm/README'
'/global/u2/m/mattlong/codes/Ocean-CDR-Atlas-v0/workflows/input/cesm2.2.0/cases/g.e22.GOMIPECOIAF_JRA-1p4-2018.TL319_g17.SMYLE.005/SourceMods/src.drof/README' -> '/global/cfs/projectdirs/m4746/Projects/Ocean-CDR-Atlas-v0/cases/smyle.cdr-atlas-v0.glb-dor_South_272_1999-01-01_02488.001/SourceMods/src.drof/README'
'/global/u2/m/mattlong/codes/Ocean-CDR-Atlas-v0/workflows/input/cesm2.2.0/cases/g.e22.GOMIPECOIAF_JRA-1p4-2018.TL319_g17.SMYLE.005/SourceMods/src.drv/README' -> '/global/cfs/projectdirs/m4746/Projects/Ocean-CDR-Atlas-v0/cases/smyle.cdr-atlas-v0.glb-dor_South_272_1999-01-01_02488.001/SourceMods/src.drv/README'
'/global/u2/m/mattlong/codes/Ocean-CDR-Atlas-v0/workflows/input/cesm2.2.0/cases/g.e22.GOMIPECOIAF_JRA-1p4-2018.TL319_g17.SMYLE.005/SourceMods/src.pop/README' -> '/global/cfs/projectdirs/m4746/Projects/Ocean-CDR-Atlas-v0/cases/smyle.cdr-atlas-v0.glb-dor_South_272_1999-01-01_02488.001/SourceMods/src.pop/README'
'/global/u2/m/mattlong/codes/Ocean-CDR-Atlas-v0/workflows/input/cesm2.2.0/cases/g.e22.GOMIPECOIAF_JRA-1p4-2018.TL319_g17.SMYLE.005/SourceMods/src.pop/forcing_shf.F90' -> '/global/cfs/projectdirs/m4746/Projects/Ocean-CDR-Atlas-v0/cases/smyle.cdr-atlas-v0.glb-dor_South_272_1999-01-01_02488.001/SourceMods/src.pop/forcing_shf.F90'
'/global/u2/m/mattlong/codes/Ocean-CDR-Atlas-v0/workflows/input/cesm2.2.0/cases/g.e22.GOMIPECOIAF_JRA-1p4-2018.TL319_g17.SMYLE.005/SourceMods/src.share/README' -> '/global/cfs/projectdirs/m4746/Projects/Ocean-CDR-Atlas-v0/cases/smyle.cdr-atlas-v0.glb-dor_South_272_1999-01-01_02488.001/SourceMods/src.share/README'
'/global/u2/m/mattlong/codes/Ocean-CDR-Atlas-v0/workflows/input/cesm2.2.0/cases/g.e22.GOMIPECOIAF_JRA-1p4-2018.TL319_g17.SMYLE.005/SourceMods/src.siac/README' -> '/global/cfs/projectdirs/m4746/Projects/Ocean-CDR-Atlas-v0/cases/smyle.cdr-atlas-v0.glb-dor_South_272_1999-01-01_02488.001/SourceMods/src.siac/README'
'/global/u2/m/mattlong/codes/Ocean-CDR-Atlas-v0/workflows/input/cesm2.2.0/cases/g.e22.GOMIPECOIAF_JRA-1p4-2018.TL319_g17.SMYLE.005/SourceMods/src.ww3/README' -> '/global/cfs/projectdirs/m4746/Projects/Ocean-CDR-Atlas-v0/cases/smyle.cdr-atlas-v0.glb-dor_South_272_1999-01-01_02488.001/SourceMods/src.ww3/README'
INFO: Running consistency check for /global/u2/m/mattlong/codes/Ocean-CDR-Atlas-v0/workflows/input/cesm2.2.0/SourceMods/curtail-output-gx1v7/src.pop/diagnostics_latest.yaml
INFO: Writing /global/cfs/projectdirs/m4746/Projects/Ocean-CDR-Atlas-v0/cases/smyle.cdr-atlas-v0.glb-dor_South_272_1999-01-01_02488.001/SourceMods/src.pop/diagnostics_latest.json
Setting Environment MPICH_ENV_DISPLAY=1
Setting Environment MPICH_VERSION_DISPLAY=1
Setting Environment OMP_STACKSIZE=128M
Setting Environment OMP_PROC_BIND=spread
Setting Environment OMP_PLACES=threads
Setting Environment HDF5_USE_FILE_LOCKING=FALSE
Setting Environment PERL5LIB=/global/cfs/cdirs/e3sm/perl/lib/perl5-only-switch
Setting Environment FI_CXI_RX_MATCH_MODE=software
Setting Environment MPICH_COLL_SYNC=MPI_Bcast
Setting Environment NETCDF_PATH=/opt/cray/pe/netcdf/4.9.0.13/intel/2023.2
Setting Environment PNETCDF_PATH=/opt/cray/pe/parallel-netcdf/1.12.3.13/intel/2023.2
Setting resource.RLIMIT_STACK to -1 from (8388608, -1)
copying /global/cfs/cdirs/m4746/Projects/Ocean-CDR-Atlas-v0/codes/cesm2.2.0/cime/config/cesm/machines/Depends.intel -> /global/cfs/projectdirs/m4746/Projects/Ocean-CDR-Atlas-v0/cases/smyle.cdr-atlas-v0.glb-dor_South_272_1999-01-01_02488.001
/global/cfs/projectdirs/m4746/Projects/Ocean-CDR-Atlas-v0/cases/smyle.cdr-atlas-v0.glb-dor_South_272_1999-01-01_02488.001/env_mach_specific.xml already exists, delete to replace
/global/cfs/projectdirs/m4746/Projects/Ocean-CDR-Atlas-v0/cases/smyle.cdr-atlas-v0.glb-dor_South_272_1999-01-01_02488.001/env_mach_specific.xml already exists, delete to replace
job is case.run USER_REQUESTED_WALLTIME 10:00:00 USER_REQUESTED_QUEUE regular WALLTIME_FORMAT %H:%M:%S
Creating batch scripts
Writing case.run script from input template /global/cfs/cdirs/m4746/Projects/Ocean-CDR-Atlas-v0/codes/cesm2.2.0/cime/config/cesm/machines/template.case.run
Creating file .case.run
Writing case.st_archive script from input template /global/cfs/cdirs/m4746/Projects/Ocean-CDR-Atlas-v0/codes/cesm2.2.0/cime/config/cesm/machines/template.st_archive
Creating file case.st_archive
copying /global/cfs/cdirs/m4746/Projects/Ocean-CDR-Atlas-v0/cases/smyle.cdr-atlas-v0.glb-dor_South_272_1999-01-01_02488.001/env_mach_pes.xml -> /global/cfs/cdirs/m4746/Projects/Ocean-CDR-Atlas-v0/cases/smyle.cdr-atlas-v0.glb-dor_South_272_1999-01-01_02488.001/LockedFiles
copying /global/cfs/cdirs/m4746/Projects/Ocean-CDR-Atlas-v0/cases/smyle.cdr-atlas-v0.glb-dor_South_272_1999-01-01_02488.001/env_batch.xml -> /global/cfs/cdirs/m4746/Projects/Ocean-CDR-Atlas-v0/cases/smyle.cdr-atlas-v0.glb-dor_South_272_1999-01-01_02488.001/LockedFiles
Creating user_nl_xxx files for components and cpl
copying /global/cfs/cdirs/m4746/Projects/Ocean-CDR-Atlas-v0/codes/cesm2.2.0/cime/src/drivers/mct/cime_config/user_nl_cpl -> .
copying /global/cfs/cdirs/m4746/Projects/Ocean-CDR-Atlas-v0/codes/cesm2.2.0/cime/src/components/data_comps_mct/datm/cime_config/user_nl_datm -> 
copying /global/cfs/cdirs/m4746/Projects/Ocean-CDR-Atlas-v0/codes/cesm2.2.0/components/cice//cime_config/user_nl_cice -> 
copying /global/cfs/cdirs/m4746/Projects/Ocean-CDR-Atlas-v0/codes/cesm2.2.0/components/pop//cime_config/user_nl_pop -> 
copying /global/cfs/cdirs/m4746/Projects/Ocean-CDR-Atlas-v0/codes/cesm2.2.0/cime/src/components/data_comps_mct/drof/cime_config/user_nl_drof -> 
copying /global/cfs/cdirs/m4746/Projects/Ocean-CDR-Atlas-v0/codes/cesm2.2.0/components/ww3//cime_config/user_nl_ww -> 
If an old case build already exists, might want to run 'case.build --clean' before building
You can now run './preview_run' to get more info on how your case will be run
Building case in directory /global/cfs/cdirs/m4746/Projects/Ocean-CDR-Atlas-v0/cases/smyle.cdr-atlas-v0.glb-dor_South_272_1999-01-01_02488.001
sharedlib_only is False
model_only is False
Setting Environment MPICH_ENV_DISPLAY=1
Setting Environment MPICH_VERSION_DISPLAY=1
Setting Environment OMP_STACKSIZE=128M
Setting Environment OMP_PROC_BIND=spread
Setting Environment OMP_PLACES=threads
Setting Environment HDF5_USE_FILE_LOCKING=FALSE
Setting Environment PERL5LIB=/global/cfs/cdirs/e3sm/perl/lib/perl5-only-switch
Setting Environment FI_CXI_RX_MATCH_MODE=software
Setting Environment MPICH_COLL_SYNC=MPI_Bcast
Setting Environment NETCDF_PATH=/opt/cray/pe/netcdf/4.9.0.13/intel/2023.2
Setting Environment PNETCDF_PATH=/opt/cray/pe/parallel-netcdf/1.12.3.13/intel/2023.2
Setting resource.RLIMIT_STACK to -1 from (8388608, -1)
Generating component namelists as part of build
GET_REFCASE is false, the user is expected to stage the refcase to the run directory.
Creating component namelists
  2025-03-05 01:11:33 atm 
   Calling /global/cfs/cdirs/m4746/Projects/Ocean-CDR-Atlas-v0/codes/cesm2.2.0/cime/src/components/data_comps_mct/datm/cime_config/buildnml
copying /global/cfs/projectdirs/m4746/Projects/Ocean-CDR-Atlas-v0/cases/smyle.cdr-atlas-v0.glb-dor_South_272_1999-01-01_02488.001/user_datm.streams.txt.presaero.clim_1850 -> /global/cfs/projectdirs/m4746/Projects/Ocean-CDR-Atlas-v0/cases/smyle.cdr-atlas-v0.glb-dor_South_272_1999-01-01_02488.001/Buildconf/datmconf/datm.streams.txt.presaero.clim_1850
copying /global/cfs/projectdirs/m4746/Projects/Ocean-CDR-Atlas-v0/cases/smyle.cdr-atlas-v0.glb-dor_South_272_1999-01-01_02488.001/user_datm.streams.txt.co2tseries.omip -> /global/cfs/projectdirs/m4746/Projects/Ocean-CDR-Atlas-v0/cases/smyle.cdr-atlas-v0.glb-dor_South_272_1999-01-01_02488.001/Buildconf/datmconf/datm.streams.txt.co2tseries.omip
copying /global/cfs/projectdirs/m4746/Projects/Ocean-CDR-Atlas-v0/cases/smyle.cdr-atlas-v0.glb-dor_South_272_1999-01-01_02488.001/Buildconf/datmconf/datm_in -> /pscratch/sd/m/mattlong/Ocean-CDR-Atlas-v0/smyle.cdr-atlas-v0.glb-dor_South_272_1999-01-01_02488.001/run
copying /global/cfs/projectdirs/m4746/Projects/Ocean-CDR-Atlas-v0/cases/smyle.cdr-atlas-v0.glb-dor_South_272_1999-01-01_02488.001/Buildconf/datmconf/datm.streams.txt.CORE_IAF_JRA_1p4_2018.NCEP.U_10 -> /pscratch/sd/m/mattlong/Ocean-CDR-Atlas-v0/smyle.cdr-atlas-v0.glb-dor_South_272_1999-01-01_02488.001/run
copying /global/cfs/projectdirs/m4746/Projects/Ocean-CDR-Atlas-v0/cases/smyle.cdr-atlas-v0.glb-dor_South_272_1999-01-01_02488.001/Buildconf/datmconf/datm.streams.txt.CORE_IAF_JRA_1p4_2018.GCGCS.PREC -> /pscratch/sd/m/mattlong/Ocean-CDR-Atlas-v0/smyle.cdr-atlas-v0.glb-dor_South_272_1999-01-01_02488.001/run
copying /global/cfs/projectdirs/m4746/Projects/Ocean-CDR-Atlas-v0/cases/smyle.cdr-atlas-v0.glb-dor_South_272_1999-01-01_02488.001/Buildconf/datmconf/datm.streams.txt.CORE_IAF_JRA_1p4_2018.GISS.LWDN -> /pscratch/sd/m/mattlong/Ocean-CDR-Atlas-v0/smyle.cdr-atlas-v0.glb-dor_South_272_1999-01-01_02488.001/run
copying /global/cfs/projectdirs/m4746/Projects/Ocean-CDR-Atlas-v0/cases/smyle.cdr-atlas-v0.glb-dor_South_272_1999-01-01_02488.001/Buildconf/datmconf/datm.streams.txt.co2tseries.omip -> /pscratch/sd/m/mattlong/Ocean-CDR-Atlas-v0/smyle.cdr-atlas-v0.glb-dor_South_272_1999-01-01_02488.001/run
copying /global/cfs/projectdirs/m4746/Projects/Ocean-CDR-Atlas-v0/cases/smyle.cdr-atlas-v0.glb-dor_South_272_1999-01-01_02488.001/Buildconf/datmconf/datm.streams.txt.CORE_IAF_JRA_1p4_2018.NCEP.SLP_ -> /pscratch/sd/m/mattlong/Ocean-CDR-Atlas-v0/smyle.cdr-atlas-v0.glb-dor_South_272_1999-01-01_02488.001/run
copying /global/cfs/projectdirs/m4746/Projects/Ocean-CDR-Atlas-v0/cases/smyle.cdr-atlas-v0.glb-dor_South_272_1999-01-01_02488.001/Buildconf/datmconf/datm.streams.txt.CORE_IAF_JRA_1p4_2018.GISS.SWDN -> /pscratch/sd/m/mattlong/Ocean-CDR-Atlas-v0/smyle.cdr-atlas-v0.glb-dor_South_272_1999-01-01_02488.001/run
copying /global/cfs/projectdirs/m4746/Projects/Ocean-CDR-Atlas-v0/cases/smyle.cdr-atlas-v0.glb-dor_South_272_1999-01-01_02488.001/Buildconf/datmconf/datm.streams.txt.presaero.clim_1850 -> /pscratch/sd/m/mattlong/Ocean-CDR-Atlas-v0/smyle.cdr-atlas-v0.glb-dor_South_272_1999-01-01_02488.001/run
copying /global/cfs/projectdirs/m4746/Projects/Ocean-CDR-Atlas-v0/cases/smyle.cdr-atlas-v0.glb-dor_South_272_1999-01-01_02488.001/Buildconf/datmconf/datm.streams.txt.CORE_IAF_JRA_1p4_2018.NCEP.V_10 -> /pscratch/sd/m/mattlong/Ocean-CDR-Atlas-v0/smyle.cdr-atlas-v0.glb-dor_South_272_1999-01-01_02488.001/run
copying /global/cfs/projectdirs/m4746/Projects/Ocean-CDR-Atlas-v0/cases/smyle.cdr-atlas-v0.glb-dor_South_272_1999-01-01_02488.001/Buildconf/datmconf/datm.streams.txt.CORE_IAF_JRA_1p4_2018.NCEP.Q_10 -> /pscratch/sd/m/mattlong/Ocean-CDR-Atlas-v0/smyle.cdr-atlas-v0.glb-dor_South_272_1999-01-01_02488.001/run
copying /global/cfs/projectdirs/m4746/Projects/Ocean-CDR-Atlas-v0/cases/smyle.cdr-atlas-v0.glb-dor_South_272_1999-01-01_02488.001/Buildconf/datmconf/datm.streams.txt.CORE_IAF_JRA_1p4_2018.NCEP.T_10 -> /pscratch/sd/m/mattlong/Ocean-CDR-Atlas-v0/smyle.cdr-atlas-v0.glb-dor_South_272_1999-01-01_02488.001/run
  2025-03-05 01:11:34 lnd 
   Calling /global/cfs/cdirs/m4746/Projects/Ocean-CDR-Atlas-v0/codes/cesm2.2.0/cime/src/components/stub_comps_mct/slnd/cime_config/buildnml
  2025-03-05 01:11:34 ice 
   Calling /global/cfs/cdirs/m4746/Projects/Ocean-CDR-Atlas-v0/codes/cesm2.2.0/components/cice//cime_config/buildnml
     ...buildnml calling cice buildcpp to set build time options
  2025-03-05 01:11:34 ocn 
   Calling /global/cfs/cdirs/m4746/Projects/Ocean-CDR-Atlas-v0/codes/cesm2.2.0/components/pop//cime_config/buildnml
     ... buildnml: calling pop buildcpp to set build time options
  2025-03-05 01:11:38 rof 
   Calling /global/cfs/cdirs/m4746/Projects/Ocean-CDR-Atlas-v0/codes/cesm2.2.0/cime/src/components/data_comps_mct/drof/cime_config/buildnml
copying /global/cfs/projectdirs/m4746/Projects/Ocean-CDR-Atlas-v0/cases/smyle.cdr-atlas-v0.glb-dor_South_272_1999-01-01_02488.001/Buildconf/drofconf/drof_in -> /pscratch/sd/m/mattlong/Ocean-CDR-Atlas-v0/smyle.cdr-atlas-v0.glb-dor_South_272_1999-01-01_02488.001/run
copying /global/cfs/projectdirs/m4746/Projects/Ocean-CDR-Atlas-v0/cases/smyle.cdr-atlas-v0.glb-dor_South_272_1999-01-01_02488.001/Buildconf/drofconf/drof.streams.txt.rof.iaf_jra_1p4_2018 -> /pscratch/sd/m/mattlong/Ocean-CDR-Atlas-v0/smyle.cdr-atlas-v0.glb-dor_South_272_1999-01-01_02488.001/run
  2025-03-05 01:11:38 glc 
   Calling /global/cfs/cdirs/m4746/Projects/Ocean-CDR-Atlas-v0/codes/cesm2.2.0/cime/src/components/stub_comps_mct/sglc/cime_config/buildnml
  2025-03-05 01:11:38 wav 
   Calling /global/cfs/cdirs/m4746/Projects/Ocean-CDR-Atlas-v0/codes/cesm2.2.0/components/ww3//cime_config/buildnml
  2025-03-05 01:11:38 iac 
   Running /global/cfs/cdirs/m4746/Projects/Ocean-CDR-Atlas-v0/codes/cesm2.2.0/cime/src/components/stub_comps_mct/siac/cime_config/buildnml 
  2025-03-05 01:11:38 esp 
   Calling /global/cfs/cdirs/m4746/Projects/Ocean-CDR-Atlas-v0/codes/cesm2.2.0/cime/src/components/stub_comps_mct/sesp/cime_config/buildnml
  2025-03-05 01:11:38 cpl 
   Calling /global/cfs/cdirs/m4746/Projects/Ocean-CDR-Atlas-v0/codes/cesm2.2.0/cime/src/drivers/mct/cime_config/buildnml
copying /global/cfs/projectdirs/m4746/Projects/Ocean-CDR-Atlas-v0/cases/smyle.cdr-atlas-v0.glb-dor_South_272_1999-01-01_02488.001/Buildconf/cplconf/drv_in -> /pscratch/sd/m/mattlong/Ocean-CDR-Atlas-v0/smyle.cdr-atlas-v0.glb-dor_South_272_1999-01-01_02488.001/run
copying /global/cfs/projectdirs/m4746/Projects/Ocean-CDR-Atlas-v0/cases/smyle.cdr-atlas-v0.glb-dor_South_272_1999-01-01_02488.001/Buildconf/cplconf/seq_maps.rc -> /pscratch/sd/m/mattlong/Ocean-CDR-Atlas-v0/smyle.cdr-atlas-v0.glb-dor_South_272_1999-01-01_02488.001/run
copying /global/cfs/projectdirs/m4746/Projects/Ocean-CDR-Atlas-v0/cases/smyle.cdr-atlas-v0.glb-dor_South_272_1999-01-01_02488.001/Buildconf/cplconf/glc_modelio.nml -> /pscratch/sd/m/mattlong/Ocean-CDR-Atlas-v0/smyle.cdr-atlas-v0.glb-dor_South_272_1999-01-01_02488.001/run
copying /global/cfs/projectdirs/m4746/Projects/Ocean-CDR-Atlas-v0/cases/smyle.cdr-atlas-v0.glb-dor_South_272_1999-01-01_02488.001/Buildconf/cplconf/iac_modelio.nml -> /pscratch/sd/m/mattlong/Ocean-CDR-Atlas-v0/smyle.cdr-atlas-v0.glb-dor_South_272_1999-01-01_02488.001/run
copying /global/cfs/projectdirs/m4746/Projects/Ocean-CDR-Atlas-v0/cases/smyle.cdr-atlas-v0.glb-dor_South_272_1999-01-01_02488.001/Buildconf/cplconf/ocn_modelio.nml -> /pscratch/sd/m/mattlong/Ocean-CDR-Atlas-v0/smyle.cdr-atlas-v0.glb-dor_South_272_1999-01-01_02488.001/run
copying /global/cfs/projectdirs/m4746/Projects/Ocean-CDR-Atlas-v0/cases/smyle.cdr-atlas-v0.glb-dor_South_272_1999-01-01_02488.001/Buildconf/cplconf/esp_modelio.nml -> /pscratch/sd/m/mattlong/Ocean-CDR-Atlas-v0/smyle.cdr-atlas-v0.glb-dor_South_272_1999-01-01_02488.001/run
copying /global/cfs/projectdirs/m4746/Projects/Ocean-CDR-Atlas-v0/cases/smyle.cdr-atlas-v0.glb-dor_South_272_1999-01-01_02488.001/Buildconf/cplconf/ice_modelio.nml -> /pscratch/sd/m/mattlong/Ocean-CDR-Atlas-v0/smyle.cdr-atlas-v0.glb-dor_South_272_1999-01-01_02488.001/run
copying /global/cfs/projectdirs/m4746/Projects/Ocean-CDR-Atlas-v0/cases/smyle.cdr-atlas-v0.glb-dor_South_272_1999-01-01_02488.001/Buildconf/cplconf/wav_modelio.nml -> /pscratch/sd/m/mattlong/Ocean-CDR-Atlas-v0/smyle.cdr-atlas-v0.glb-dor_South_272_1999-01-01_02488.001/run
copying /global/cfs/projectdirs/m4746/Projects/Ocean-CDR-Atlas-v0/cases/smyle.cdr-atlas-v0.glb-dor_South_272_1999-01-01_02488.001/Buildconf/cplconf/lnd_modelio.nml -> /pscratch/sd/m/mattlong/Ocean-CDR-Atlas-v0/smyle.cdr-atlas-v0.glb-dor_South_272_1999-01-01_02488.001/run
copying /global/cfs/projectdirs/m4746/Projects/Ocean-CDR-Atlas-v0/cases/smyle.cdr-atlas-v0.glb-dor_South_272_1999-01-01_02488.001/Buildconf/cplconf/atm_modelio.nml -> /pscratch/sd/m/mattlong/Ocean-CDR-Atlas-v0/smyle.cdr-atlas-v0.glb-dor_South_272_1999-01-01_02488.001/run
copying /global/cfs/projectdirs/m4746/Projects/Ocean-CDR-Atlas-v0/cases/smyle.cdr-atlas-v0.glb-dor_South_272_1999-01-01_02488.001/Buildconf/cplconf/rof_modelio.nml -> /pscratch/sd/m/mattlong/Ocean-CDR-Atlas-v0/smyle.cdr-atlas-v0.glb-dor_South_272_1999-01-01_02488.001/run
copying /global/cfs/projectdirs/m4746/Projects/Ocean-CDR-Atlas-v0/cases/smyle.cdr-atlas-v0.glb-dor_South_272_1999-01-01_02488.001/Buildconf/cplconf/cpl_modelio.nml -> /pscratch/sd/m/mattlong/Ocean-CDR-Atlas-v0/smyle.cdr-atlas-v0.glb-dor_South_272_1999-01-01_02488.001/run
copying /pscratch/sd/m/mattlong/Ocean-CDR-Atlas-v0/smyle.cdr-atlas-v0.glb-dor_South_272_1999-01-01_02488.001/run/wav_modelio.nml -> /global/cfs/projectdirs/m4746/Projects/Ocean-CDR-Atlas-v0/cases/smyle.cdr-atlas-v0.glb-dor_South_272_1999-01-01_02488.001/CaseDocs
copying /pscratch/sd/m/mattlong/Ocean-CDR-Atlas-v0/smyle.cdr-atlas-v0.glb-dor_South_272_1999-01-01_02488.001/run/cpl_modelio.nml -> /global/cfs/projectdirs/m4746/Projects/Ocean-CDR-Atlas-v0/cases/smyle.cdr-atlas-v0.glb-dor_South_272_1999-01-01_02488.001/CaseDocs
copying /pscratch/sd/m/mattlong/Ocean-CDR-Atlas-v0/smyle.cdr-atlas-v0.glb-dor_South_272_1999-01-01_02488.001/run/rof_modelio.nml -> /global/cfs/projectdirs/m4746/Projects/Ocean-CDR-Atlas-v0/cases/smyle.cdr-atlas-v0.glb-dor_South_272_1999-01-01_02488.001/CaseDocs
copying /pscratch/sd/m/mattlong/Ocean-CDR-Atlas-v0/smyle.cdr-atlas-v0.glb-dor_South_272_1999-01-01_02488.001/run/glc_modelio.nml -> /global/cfs/projectdirs/m4746/Projects/Ocean-CDR-Atlas-v0/cases/smyle.cdr-atlas-v0.glb-dor_South_272_1999-01-01_02488.001/CaseDocs
copying /pscratch/sd/m/mattlong/Ocean-CDR-Atlas-v0/smyle.cdr-atlas-v0.glb-dor_South_272_1999-01-01_02488.001/run/iac_modelio.nml -> /global/cfs/projectdirs/m4746/Projects/Ocean-CDR-Atlas-v0/cases/smyle.cdr-atlas-v0.glb-dor_South_272_1999-01-01_02488.001/CaseDocs
copying /pscratch/sd/m/mattlong/Ocean-CDR-Atlas-v0/smyle.cdr-atlas-v0.glb-dor_South_272_1999-01-01_02488.001/run/ocn_modelio.nml -> /global/cfs/projectdirs/m4746/Projects/Ocean-CDR-Atlas-v0/cases/smyle.cdr-atlas-v0.glb-dor_South_272_1999-01-01_02488.001/CaseDocs
copying /pscratch/sd/m/mattlong/Ocean-CDR-Atlas-v0/smyle.cdr-atlas-v0.glb-dor_South_272_1999-01-01_02488.001/run/lnd_modelio.nml -> /global/cfs/projectdirs/m4746/Projects/Ocean-CDR-Atlas-v0/cases/smyle.cdr-atlas-v0.glb-dor_South_272_1999-01-01_02488.001/CaseDocs
copying /pscratch/sd/m/mattlong/Ocean-CDR-Atlas-v0/smyle.cdr-atlas-v0.glb-dor_South_272_1999-01-01_02488.001/run/esp_modelio.nml -> /global/cfs/projectdirs/m4746/Projects/Ocean-CDR-Atlas-v0/cases/smyle.cdr-atlas-v0.glb-dor_South_272_1999-01-01_02488.001/CaseDocs
copying /pscratch/sd/m/mattlong/Ocean-CDR-Atlas-v0/smyle.cdr-atlas-v0.glb-dor_South_272_1999-01-01_02488.001/run/ice_modelio.nml -> /global/cfs/projectdirs/m4746/Projects/Ocean-CDR-Atlas-v0/cases/smyle.cdr-atlas-v0.glb-dor_South_272_1999-01-01_02488.001/CaseDocs
copying /pscratch/sd/m/mattlong/Ocean-CDR-Atlas-v0/smyle.cdr-atlas-v0.glb-dor_South_272_1999-01-01_02488.001/run/atm_modelio.nml -> /global/cfs/projectdirs/m4746/Projects/Ocean-CDR-Atlas-v0/cases/smyle.cdr-atlas-v0.glb-dor_South_272_1999-01-01_02488.001/CaseDocs
copying /pscratch/sd/m/mattlong/Ocean-CDR-Atlas-v0/smyle.cdr-atlas-v0.glb-dor_South_272_1999-01-01_02488.001/run/drof_in -> /global/cfs/projectdirs/m4746/Projects/Ocean-CDR-Atlas-v0/cases/smyle.cdr-atlas-v0.glb-dor_South_272_1999-01-01_02488.001/CaseDocs
copying /pscratch/sd/m/mattlong/Ocean-CDR-Atlas-v0/smyle.cdr-atlas-v0.glb-dor_South_272_1999-01-01_02488.001/run/marbl_in -> /global/cfs/projectdirs/m4746/Projects/Ocean-CDR-Atlas-v0/cases/smyle.cdr-atlas-v0.glb-dor_South_272_1999-01-01_02488.001/CaseDocs
copying /pscratch/sd/m/mattlong/Ocean-CDR-Atlas-v0/smyle.cdr-atlas-v0.glb-dor_South_272_1999-01-01_02488.001/run/drv_in -> /global/cfs/projectdirs/m4746/Projects/Ocean-CDR-Atlas-v0/cases/smyle.cdr-atlas-v0.glb-dor_South_272_1999-01-01_02488.001/CaseDocs
copying /pscratch/sd/m/mattlong/Ocean-CDR-Atlas-v0/smyle.cdr-atlas-v0.glb-dor_South_272_1999-01-01_02488.001/run/ice_in -> /global/cfs/projectdirs/m4746/Projects/Ocean-CDR-Atlas-v0/cases/smyle.cdr-atlas-v0.glb-dor_South_272_1999-01-01_02488.001/CaseDocs
copying /pscratch/sd/m/mattlong/Ocean-CDR-Atlas-v0/smyle.cdr-atlas-v0.glb-dor_South_272_1999-01-01_02488.001/run/datm_in -> /global/cfs/projectdirs/m4746/Projects/Ocean-CDR-Atlas-v0/cases/smyle.cdr-atlas-v0.glb-dor_South_272_1999-01-01_02488.001/CaseDocs
copying /pscratch/sd/m/mattlong/Ocean-CDR-Atlas-v0/smyle.cdr-atlas-v0.glb-dor_South_272_1999-01-01_02488.001/run/pop_in -> /global/cfs/projectdirs/m4746/Projects/Ocean-CDR-Atlas-v0/cases/smyle.cdr-atlas-v0.glb-dor_South_272_1999-01-01_02488.001/CaseDocs
copying /pscratch/sd/m/mattlong/Ocean-CDR-Atlas-v0/smyle.cdr-atlas-v0.glb-dor_South_272_1999-01-01_02488.001/run/wav_in -> /global/cfs/projectdirs/m4746/Projects/Ocean-CDR-Atlas-v0/cases/smyle.cdr-atlas-v0.glb-dor_South_272_1999-01-01_02488.001/CaseDocs
copying /pscratch/sd/m/mattlong/Ocean-CDR-Atlas-v0/smyle.cdr-atlas-v0.glb-dor_South_272_1999-01-01_02488.001/run/datm.streams.txt.co2tseries.omip -> /global/cfs/projectdirs/m4746/Projects/Ocean-CDR-Atlas-v0/cases/smyle.cdr-atlas-v0.glb-dor_South_272_1999-01-01_02488.001/CaseDocs
copying /pscratch/sd/m/mattlong/Ocean-CDR-Atlas-v0/smyle.cdr-atlas-v0.glb-dor_South_272_1999-01-01_02488.001/run/datm.streams.txt.CORE_IAF_JRA_1p4_2018.NCEP.SLP_ -> /global/cfs/projectdirs/m4746/Projects/Ocean-CDR-Atlas-v0/cases/smyle.cdr-atlas-v0.glb-dor_South_272_1999-01-01_02488.001/CaseDocs
copying /pscratch/sd/m/mattlong/Ocean-CDR-Atlas-v0/smyle.cdr-atlas-v0.glb-dor_South_272_1999-01-01_02488.001/run/datm.streams.txt.presaero.clim_1850 -> /global/cfs/projectdirs/m4746/Projects/Ocean-CDR-Atlas-v0/cases/smyle.cdr-atlas-v0.glb-dor_South_272_1999-01-01_02488.001/CaseDocs
copying /pscratch/sd/m/mattlong/Ocean-CDR-Atlas-v0/smyle.cdr-atlas-v0.glb-dor_South_272_1999-01-01_02488.001/run/datm.streams.txt.CORE_IAF_JRA_1p4_2018.NCEP.V_10 -> /global/cfs/projectdirs/m4746/Projects/Ocean-CDR-Atlas-v0/cases/smyle.cdr-atlas-v0.glb-dor_South_272_1999-01-01_02488.001/CaseDocs
copying /pscratch/sd/m/mattlong/Ocean-CDR-Atlas-v0/smyle.cdr-atlas-v0.glb-dor_South_272_1999-01-01_02488.001/run/datm.streams.txt.CORE_IAF_JRA_1p4_2018.GISS.SWDN -> /global/cfs/projectdirs/m4746/Projects/Ocean-CDR-Atlas-v0/cases/smyle.cdr-atlas-v0.glb-dor_South_272_1999-01-01_02488.001/CaseDocs
copying /pscratch/sd/m/mattlong/Ocean-CDR-Atlas-v0/smyle.cdr-atlas-v0.glb-dor_South_272_1999-01-01_02488.001/run/datm.streams.txt.CORE_IAF_JRA_1p4_2018.NCEP.U_10 -> /global/cfs/projectdirs/m4746/Projects/Ocean-CDR-Atlas-v0/cases/smyle.cdr-atlas-v0.glb-dor_South_272_1999-01-01_02488.001/CaseDocs
copying /pscratch/sd/m/mattlong/Ocean-CDR-Atlas-v0/smyle.cdr-atlas-v0.glb-dor_South_272_1999-01-01_02488.001/run/datm.streams.txt.CORE_IAF_JRA_1p4_2018.GISS.LWDN -> /global/cfs/projectdirs/m4746/Projects/Ocean-CDR-Atlas-v0/cases/smyle.cdr-atlas-v0.glb-dor_South_272_1999-01-01_02488.001/CaseDocs
copying /pscratch/sd/m/mattlong/Ocean-CDR-Atlas-v0/smyle.cdr-atlas-v0.glb-dor_South_272_1999-01-01_02488.001/run/datm.streams.txt.CORE_IAF_JRA_1p4_2018.NCEP.T_10 -> /global/cfs/projectdirs/m4746/Projects/Ocean-CDR-Atlas-v0/cases/smyle.cdr-atlas-v0.glb-dor_South_272_1999-01-01_02488.001/CaseDocs
copying /pscratch/sd/m/mattlong/Ocean-CDR-Atlas-v0/smyle.cdr-atlas-v0.glb-dor_South_272_1999-01-01_02488.001/run/datm.streams.txt.CORE_IAF_JRA_1p4_2018.GCGCS.PREC -> /global/cfs/projectdirs/m4746/Projects/Ocean-CDR-Atlas-v0/cases/smyle.cdr-atlas-v0.glb-dor_South_272_1999-01-01_02488.001/CaseDocs
copying /pscratch/sd/m/mattlong/Ocean-CDR-Atlas-v0/smyle.cdr-atlas-v0.glb-dor_South_272_1999-01-01_02488.001/run/datm.streams.txt.CORE_IAF_JRA_1p4_2018.NCEP.Q_10 -> /global/cfs/projectdirs/m4746/Projects/Ocean-CDR-Atlas-v0/cases/smyle.cdr-atlas-v0.glb-dor_South_272_1999-01-01_02488.001/CaseDocs
copying /pscratch/sd/m/mattlong/Ocean-CDR-Atlas-v0/smyle.cdr-atlas-v0.glb-dor_South_272_1999-01-01_02488.001/run/drof.streams.txt.rof.iaf_jra_1p4_2018 -> /global/cfs/projectdirs/m4746/Projects/Ocean-CDR-Atlas-v0/cases/smyle.cdr-atlas-v0.glb-dor_South_272_1999-01-01_02488.001/CaseDocs
copying /pscratch/sd/m/mattlong/Ocean-CDR-Atlas-v0/smyle.cdr-atlas-v0.glb-dor_South_272_1999-01-01_02488.001/run/seq_maps.rc -> /global/cfs/projectdirs/m4746/Projects/Ocean-CDR-Atlas-v0/cases/smyle.cdr-atlas-v0.glb-dor_South_272_1999-01-01_02488.001/CaseDocs
Building gptl with output to file /pscratch/sd/m/mattlong/Ocean-CDR-Atlas-v0/smyle.cdr-atlas-v0.glb-dor_South_272_1999-01-01_02488.001/bld/gptl.bldlog.250305-011132
   Calling /global/cfs/cdirs/m4746/Projects/Ocean-CDR-Atlas-v0/codes/cesm2.2.0/cime/src/build_scripts/buildlib.gptl
Building mct with output to file /pscratch/sd/m/mattlong/Ocean-CDR-Atlas-v0/smyle.cdr-atlas-v0.glb-dor_South_272_1999-01-01_02488.001/bld/mct.bldlog.250305-011132
   Calling /global/cfs/cdirs/m4746/Projects/Ocean-CDR-Atlas-v0/codes/cesm2.2.0/cime/src/build_scripts/buildlib.mct
Building pio with output to file /pscratch/sd/m/mattlong/Ocean-CDR-Atlas-v0/smyle.cdr-atlas-v0.glb-dor_South_272_1999-01-01_02488.001/bld/pio.bldlog.250305-011132
   Calling /global/cfs/cdirs/m4746/Projects/Ocean-CDR-Atlas-v0/codes/cesm2.2.0/cime/src/build_scripts/buildlib.pio
Component pio build complete with 5 warnings
Building csm_share with output to file /pscratch/sd/m/mattlong/Ocean-CDR-Atlas-v0/smyle.cdr-atlas-v0.glb-dor_South_272_1999-01-01_02488.001/bld/csm_share.bldlog.250305-011132
   Calling /global/cfs/cdirs/m4746/Projects/Ocean-CDR-Atlas-v0/codes/cesm2.2.0/cime/src/build_scripts/buildlib.csm_share
Component csm_share build complete with 15 warnings
         - Building atm Library 
Building atm with output to /pscratch/sd/m/mattlong/Ocean-CDR-Atlas-v0/smyle.cdr-atlas-v0.glb-dor_South_272_1999-01-01_02488.001/bld/atm.bldlog.250305-011132
         - Building lnd Library 
Building lnd with output to /pscratch/sd/m/mattlong/Ocean-CDR-Atlas-v0/smyle.cdr-atlas-v0.glb-dor_South_272_1999-01-01_02488.001/bld/lnd.bldlog.250305-011132
         - Building ice Library 
Building ice with output to /pscratch/sd/m/mattlong/Ocean-CDR-Atlas-v0/smyle.cdr-atlas-v0.glb-dor_South_272_1999-01-01_02488.001/bld/ice.bldlog.250305-011132
         - Building ocn Library 
Building ocn with output to /pscratch/sd/m/mattlong/Ocean-CDR-Atlas-v0/smyle.cdr-atlas-v0.glb-dor_South_272_1999-01-01_02488.001/bld/ocn.bldlog.250305-011132
         - Building rof Library 
Building rof with output to /pscratch/sd/m/mattlong/Ocean-CDR-Atlas-v0/smyle.cdr-atlas-v0.glb-dor_South_272_1999-01-01_02488.001/bld/rof.bldlog.250305-011132
         - Building glc Library 
Building glc with output to /pscratch/sd/m/mattlong/Ocean-CDR-Atlas-v0/smyle.cdr-atlas-v0.glb-dor_South_272_1999-01-01_02488.001/bld/glc.bldlog.250305-011132
         - Building wav Library 
Building wav with output to /pscratch/sd/m/mattlong/Ocean-CDR-Atlas-v0/smyle.cdr-atlas-v0.glb-dor_South_272_1999-01-01_02488.001/bld/wav.bldlog.250305-011132
         - Building iac Library 
Building iac with output to /pscratch/sd/m/mattlong/Ocean-CDR-Atlas-v0/smyle.cdr-atlas-v0.glb-dor_South_272_1999-01-01_02488.001/bld/iac.bldlog.250305-011132
         - Building esp Library 
Building esp with output to /pscratch/sd/m/mattlong/Ocean-CDR-Atlas-v0/smyle.cdr-atlas-v0.glb-dor_South_272_1999-01-01_02488.001/bld/esp.bldlog.250305-011132
copying /pscratch/sd/m/mattlong/Ocean-CDR-Atlas-v0/smyle.cdr-atlas-v0.glb-dor_South_272_1999-01-01_02488.001/bld/esp/obj/esp_comp_mct.mod -> /pscratch/sd/m/mattlong/Ocean-CDR-Atlas-v0/smyle.cdr-atlas-v0.glb-dor_South_272_1999-01-01_02488.001/bld/lib/include
sesp built in 2.011591 seconds
copying /pscratch/sd/m/mattlong/Ocean-CDR-Atlas-v0/smyle.cdr-atlas-v0.glb-dor_South_272_1999-01-01_02488.001/bld/iac/obj/iac_comp_mct.mod -> /pscratch/sd/m/mattlong/Ocean-CDR-Atlas-v0/smyle.cdr-atlas-v0.glb-dor_South_272_1999-01-01_02488.001/bld/lib/include
siac built in 2.042634 seconds
copying /pscratch/sd/m/mattlong/Ocean-CDR-Atlas-v0/smyle.cdr-atlas-v0.glb-dor_South_272_1999-01-01_02488.001/bld/lnd/obj/lnd_comp_mct.mod -> /pscratch/sd/m/mattlong/Ocean-CDR-Atlas-v0/smyle.cdr-atlas-v0.glb-dor_South_272_1999-01-01_02488.001/bld/lib/include
copying /pscratch/sd/m/mattlong/Ocean-CDR-Atlas-v0/smyle.cdr-atlas-v0.glb-dor_South_272_1999-01-01_02488.001/bld/glc/obj/glc_comp_mct.mod -> /pscratch/sd/m/mattlong/Ocean-CDR-Atlas-v0/smyle.cdr-atlas-v0.glb-dor_South_272_1999-01-01_02488.001/bld/lib/include
slnd built in 2.155601 seconds
sglc built in 2.093941 seconds
copying /pscratch/sd/m/mattlong/Ocean-CDR-Atlas-v0/smyle.cdr-atlas-v0.glb-dor_South_272_1999-01-01_02488.001/bld/rof/obj/rof_comp_mct.mod -> /pscratch/sd/m/mattlong/Ocean-CDR-Atlas-v0/smyle.cdr-atlas-v0.glb-dor_South_272_1999-01-01_02488.001/bld/lib/include
copying /pscratch/sd/m/mattlong/Ocean-CDR-Atlas-v0/smyle.cdr-atlas-v0.glb-dor_South_272_1999-01-01_02488.001/bld/rof/obj/drof_comp_mod.mod -> /pscratch/sd/m/mattlong/Ocean-CDR-Atlas-v0/smyle.cdr-atlas-v0.glb-dor_South_272_1999-01-01_02488.001/bld/lib/include
drof built in 2.735643 seconds
copying /pscratch/sd/m/mattlong/Ocean-CDR-Atlas-v0/smyle.cdr-atlas-v0.glb-dor_South_272_1999-01-01_02488.001/bld/atm/obj/atm_comp_mct.mod -> /pscratch/sd/m/mattlong/Ocean-CDR-Atlas-v0/smyle.cdr-atlas-v0.glb-dor_South_272_1999-01-01_02488.001/bld/lib/include
copying /pscratch/sd/m/mattlong/Ocean-CDR-Atlas-v0/smyle.cdr-atlas-v0.glb-dor_South_272_1999-01-01_02488.001/bld/atm/obj/datm_comp_mod.mod -> /pscratch/sd/m/mattlong/Ocean-CDR-Atlas-v0/smyle.cdr-atlas-v0.glb-dor_South_272_1999-01-01_02488.001/bld/lib/include
datm built in 4.068547 seconds
copying /pscratch/sd/m/mattlong/Ocean-CDR-Atlas-v0/smyle.cdr-atlas-v0.glb-dor_South_272_1999-01-01_02488.001/bld/wav/obj/wav_comp_mct.mod -> /pscratch/sd/m/mattlong/Ocean-CDR-Atlas-v0/smyle.cdr-atlas-v0.glb-dor_South_272_1999-01-01_02488.001/bld/lib/include
ww built in 24.579340 seconds
Component ice build complete with 1 warnings
copying /pscratch/sd/m/mattlong/Ocean-CDR-Atlas-v0/smyle.cdr-atlas-v0.glb-dor_South_272_1999-01-01_02488.001/bld/ice/obj/ice_comp_mct.mod -> /pscratch/sd/m/mattlong/Ocean-CDR-Atlas-v0/smyle.cdr-atlas-v0.glb-dor_South_272_1999-01-01_02488.001/bld/lib/include
cice built in 113.967317 seconds
Component ocn build complete with 26 warnings
copying /pscratch/sd/m/mattlong/Ocean-CDR-Atlas-v0/smyle.cdr-atlas-v0.glb-dor_South_272_1999-01-01_02488.001/bld/ocn/obj/ocn_comp_mct.mod -> /pscratch/sd/m/mattlong/Ocean-CDR-Atlas-v0/smyle.cdr-atlas-v0.glb-dor_South_272_1999-01-01_02488.001/bld/lib/include
pop built in 397.915980 seconds
Building cesm from /global/cfs/cdirs/m4746/Projects/Ocean-CDR-Atlas-v0/codes/cesm2.2.0/cime/src/drivers/mct/cime_config/buildexe with output to /pscratch/sd/m/mattlong/Ocean-CDR-Atlas-v0/smyle.cdr-atlas-v0.glb-dor_South_272_1999-01-01_02488.001/bld/cesm.bldlog.250305-011132 
copying /pscratch/sd/m/mattlong/Ocean-CDR-Atlas-v0/smyle.cdr-atlas-v0.glb-dor_South_272_1999-01-01_02488.001/bld/cesm.exe -> /pscratch/sd/m/mattlong/Ocean-CDR-Atlas-v0/smyle.cdr-atlas-v0.glb-dor_South_272_1999-01-01_02488.001/bld/cesm.exe.250305-011132
copying /global/cfs/projectdirs/m4746/Projects/Ocean-CDR-Atlas-v0/cases/smyle.cdr-atlas-v0.glb-dor_South_272_1999-01-01_02488.001/env_build.xml -> /global/cfs/projectdirs/m4746/Projects/Ocean-CDR-Atlas-v0/cases/smyle.cdr-atlas-v0.glb-dor_South_272_1999-01-01_02488.001/LockedFiles
Time spent not building: 7.869126 sec
Time spent building: 470.686115 sec
MODEL BUILD HAS FINISHED SUCCESSFULLY
================================================================================
BUILDING
smyle
smyle.cdr-atlas-v0.glb-dor_South_272_1999-01-01_02488.001
{"cdr_forcing": "DOR", "cdr_forcing_file": "/global/cfs/projectdirs/m4746/Projects/OAE-Efficiency-Map/data/alk-forcing/OAE-Efficiency-Map/alk-forcing-South.272-1999-01.nc", "refdate": "0347-01-01", "stop_n": 15, "wallclock": "10:00:00", "curtail_output": true, "queue": "regular"}
================================================================================

/global/u2/m/mattlong/codes/Ocean-CDR-Atlas-v0/workflows/input/cesm2.2.0/cases/g.e22.GOMIPECOIAF_JRA-1p4-2018.TL319_g17.SMYLE.005/user_nl_drof -> /global/cfs/projectdirs/m4746/Projects/Ocean-CDR-Atlas-v0/cases/smyle.cdr-atlas-v0.glb-dor_South_272_1999-01-01_02488.001/user_nl_drof
/global/u2/m/mattlong/codes/Ocean-CDR-Atlas-v0/workflows/input/cesm2.2.0/cases/g.e22.GOMIPECOIAF_JRA-1p4-2018.TL319_g17.SMYLE.005/user_nl_pop -> /global/cfs/projectdirs/m4746/Projects/Ocean-CDR-Atlas-v0/cases/smyle.cdr-atlas-v0.glb-dor_South_272_1999-01-01_02488.001/user_nl_pop
/global/u2/m/mattlong/codes/Ocean-CDR-Atlas-v0/workflows/input/cesm2.2.0/cases/g.e22.GOMIPECOIAF_JRA-1p4-2018.TL319_g17.SMYLE.005/user_nl_datm -> /global/cfs/projectdirs/m4746/Projects/Ocean-CDR-Atlas-v0/cases/smyle.cdr-atlas-v0.glb-dor_South_272_1999-01-01_02488.001/user_nl_datm
/global/u2/m/mattlong/codes/Ocean-CDR-Atlas-v0/workflows/input/cesm2.2.0/cases/g.e22.GOMIPECOIAF_JRA-1p4-2018.TL319_g17.SMYLE.005/user_nl_ww -> /global/cfs/projectdirs/m4746/Projects/Ocean-CDR-Atlas-v0/cases/smyle.cdr-atlas-v0.glb-dor_South_272_1999-01-01_02488.001/user_nl_ww
/global/u2/m/mattlong/codes/Ocean-CDR-Atlas-v0/workflows/input/cesm2.2.0/cases/g.e22.GOMIPECOIAF_JRA-1p4-2018.TL319_g17.SMYLE.005/user_nl_cice -> /global/cfs/projectdirs/m4746/Projects/Ocean-CDR-Atlas-v0/cases/smyle.cdr-atlas-v0.glb-dor_South_272_1999-01-01_02488.001/user_nl_cice
/global/u2/m/mattlong/codes/Ocean-CDR-Atlas-v0/workflows/input/cesm2.2.0/cases/g.e22.GOMIPECOIAF_JRA-1p4-2018.TL319_g17.SMYLE.005/user_nl_cpl -> /global/cfs/projectdirs/m4746/Projects/Ocean-CDR-Atlas-v0/cases/smyle.cdr-atlas-v0.glb-dor_South_272_1999-01-01_02488.001/user_nl_cpl
/global/u2/m/mattlong/codes/Ocean-CDR-Atlas-v0/workflows/input/cesm2.2.0/cases/g.e22.GOMIPECOIAF_JRA-1p4-2018.TL319_g17.SMYLE.005/user_datm.streams.txt.co2tseries.omip -> /global/cfs/projectdirs/m4746/Projects/Ocean-CDR-Atlas-v0/cases/smyle.cdr-atlas-v0.glb-dor_South_272_1999-01-01_02488.001/user_datm.streams.txt.co2tseries.omip
/global/u2/m/mattlong/codes/Ocean-CDR-Atlas-v0/workflows/input/cesm2.2.0/cases/g.e22.GOMIPECOIAF_JRA-1p4-2018.TL319_g17.SMYLE.005/user_datm.streams.txt.presaero.cesm2_SMYLE -> /global/cfs/projectdirs/m4746/Projects/Ocean-CDR-Atlas-v0/cases/smyle.cdr-atlas-v0.glb-dor_South_272_1999-01-01_02488.001/user_datm.streams.txt.presaero.cesm2_SMYLE
/global/u2/m/mattlong/codes/Ocean-CDR-Atlas-v0/workflows/input/cesm2.2.0/cases/g.e22.GOMIPECOIAF_JRA-1p4-2018.TL319_g17.SMYLE.005/user_datm.streams.txt.presaero.clim_1850 -> /global/cfs/projectdirs/m4746/Projects/Ocean-CDR-Atlas-v0/cases/smyle.cdr-atlas-v0.glb-dor_South_272_1999-01-01_02488.001/user_datm.streams.txt.presaero.clim_1850
DOR
